<?xml version="1.0" encoding="UTF-8"?>
<testng-results skipped="0" failed="0" total="2" passed="2">
  <reporter-output>
  </reporter-output>
  <suite name="Suite" duration-ms="9333" started-at="2021-11-11T06:24:35Z" finished-at="2021-11-11T06:24:44Z">
    <groups>
    </groups>
    <test name="Test 1" duration-ms="9333" started-at="2021-11-11T06:24:35Z" finished-at="2021-11-11T06:24:44Z">
      <class name="com.testcases2.LoginPage">
        <test-method status="PASS" signature="openBrowser()[pri:0, instance:com.testcases2.LoginPage@794848]" name="openBrowser" is-config="true" duration-ms="4959" started-at="2021-11-11T11:54:35Z" finished-at="2021-11-11T11:54:40Z">
          <reporter-output>
          </reporter-output>
        </test-method> <!-- openBrowser -->
        <test-method status="PASS" signature="check2ndDataProvider(java.lang.String, java.lang.String)[pri:0, instance:com.testcases2.LoginPage@794848]" name="check2ndDataProvider" duration-ms="12" started-at="2021-11-11T11:54:40Z" data-provider="LoginCred" finished-at="2021-11-11T11:54:40Z">
          <params>
            <param index="0">
              <value>
                <![CDATA[abc]]>
              </value>
            </param>
            <param index="1">
              <value>
                <![CDATA[123]]>
              </value>
            </param>
          </params>
          <reporter-output>
          </reporter-output>
        </test-method> <!-- check2ndDataProvider -->
        <test-method status="PASS" signature="closeBrowser()[pri:0, instance:com.testcases2.LoginPage@794848]" name="closeBrowser" is-config="true" duration-ms="53" started-at="2021-11-11T11:54:40Z" finished-at="2021-11-11T11:54:40Z">
          <reporter-output>
          </reporter-output>
        </test-method> <!-- closeBrowser -->
        <test-method status="PASS" signature="openBrowser()[pri:0, instance:com.testcases2.LoginPage@794848]" name="openBrowser" is-config="true" duration-ms="3809" started-at="2021-11-11T11:54:40Z" finished-at="2021-11-11T11:54:44Z">
          <reporter-output>
          </reporter-output>
        </test-method> <!-- openBrowser -->
        <test-method status="PASS" signature="check2ndDataProvider(java.lang.String, java.lang.String)[pri:0, instance:com.testcases2.LoginPage@794848]" name="check2ndDataProvider" duration-ms="1" started-at="2021-11-11T11:54:44Z" data-provider="LoginCred" finished-at="2021-11-11T11:54:44Z">
          <params>
            <param index="0">
              <value>
                <![CDATA[def]]>
              </value>
            </param>
            <param index="1">
              <value>
                <![CDATA[456]]>
              </value>
            </param>
          </params>
          <reporter-output>
          </reporter-output>
        </test-method> <!-- check2ndDataProvider -->
        <test-method status="PASS" signature="closeBrowser()[pri:0, instance:com.testcases2.LoginPage@794848]" name="closeBrowser" is-config="true" duration-ms="36" started-at="2021-11-11T11:54:44Z" finished-at="2021-11-11T11:54:44Z">
          <reporter-output>
          </reporter-output>
        </test-method> <!-- closeBrowser -->
      </class> <!-- com.testcases2.LoginPage -->
    </test> <!-- Test 1 -->
  </suite> <!-- Suite -->
</testng-results>
